<?xml version="1.0" encoding="UTF-8"?>
<!-- Generated by org.testng.reporters.JUnitReportReporter -->
<testsuite hostname="DESKTOP-J896QN7" failures="0" tests="3" name="com.NForce.qa.testcases.BulkGuardPageTest" time="72.854" errors="0" timestamp="24 Jun 2021 09:29:15 GMT" skipped="0">
  <testcase classname="com.NForce.qa.testcases.BulkGuardPageTest" name="verifyBulkGuardLabelTest" time="26.134"/>
  <testcase classname="com.NForce.qa.testcases.BulkGuardPageTest" name="verifyClickOnSearchWildcardsTest" time="22.621"/>
  <testcase classname="com.NForce.qa.testcases.BulkGuardPageTest" name="controlOnBulkGuardPage" time="24.099"/>
</testsuite> <!-- com.NForce.qa.testcases.BulkGuardPageTest -->
