<?xml version="1.0" encoding="UTF-8"?>
<!-- Generated by org.testng.reporters.JUnitReportReporter -->
<testsuite hostname="DESKTOP-J896QN7" failures="0" tests="4" name="com.NForce.qa.testcases.LoginPageTest" time="33.302" errors="0" timestamp="24 Jun 2021 09:29:15 GMT" skipped="0">
  <testcase classname="com.NForce.qa.testcases.LoginPageTest" name="controlOnLoginPage" time="7.741"/>
  <testcase classname="com.NForce.qa.testcases.LoginPageTest" name="loginPageTitleTest" time="7.758"/>
  <testcase classname="com.NForce.qa.testcases.LoginPageTest" name="checkIfNForceLogoPresent" time="9.612"/>
  <testcase classname="com.NForce.qa.testcases.LoginPageTest" name="loginTest" time="8.191"/>
</testsuite> <!-- com.NForce.qa.testcases.LoginPageTest -->
