<?xml version="1.0" encoding="UTF-8"?>
<!-- Generated by org.testng.reporters.JUnitReportReporter -->
<testsuite hostname="DESKTOP-J896QN7" failures="0" tests="8" name="com.NForce.qa.testcases.DashboardPageTest" time="154.392" errors="0" timestamp="24 Jun 2021 09:29:15 GMT" skipped="0">
  <testcase classname="com.NForce.qa.testcases.DashboardPageTest" name="verifyDashboardTitleTest" time="18.607"/>
  <testcase classname="com.NForce.qa.testcases.DashboardPageTest" name="verifyUserNameTest" time="18.477"/>
  <testcase classname="com.NForce.qa.testcases.DashboardPageTest" name="verfiyMinimizeAllButtonTest" time="17.983"/>
  <testcase classname="com.NForce.qa.testcases.DashboardPageTest" name="verfiyExpandAllButtonTest" time="17.954"/>
  <testcase classname="com.NForce.qa.testcases.DashboardPageTest" name="verfiyReloadButtonTest" time="19.512"/>
  <testcase classname="com.NForce.qa.testcases.DashboardPageTest" name="verifyaddNewDashboardTest" time="19.107"/>
  <testcase classname="com.NForce.qa.testcases.DashboardPageTest" name="verifyclickOnTrafficManagementIconTest" time="23.298"/>
  <testcase classname="com.NForce.qa.testcases.DashboardPageTest" name="controlOnDashboardPage" time="19.454"/>
</testsuite> <!-- com.NForce.qa.testcases.DashboardPageTest -->
