<?xml version="1.0" encoding="UTF-8"?>
<!-- Generated by org.testng.reporters.JUnitReportReporter -->
<testsuite hostname="DESKTOP-J896QN7" failures="0" tests="3" name="com.NForce.qa.testcases.HardBlockGTPageTest" time="61.062" errors="0" timestamp="22 Jun 2021 14:12:43 GMT" skipped="1">
  <testcase classname="com.NForce.qa.testcases.HardBlockGTPageTest" name="verifyIsHardBlockGtPageTest" time="34.320"/>
  <testcase classname="com.NForce.qa.testcases.HardBlockGTPageTest" name="verifyisHardBlockGtPageTest" time="26.742"/>
  <testcase classname="com.NForce.qa.testcases.HardBlockGTPageTest" name="validateAddNewParameterTest" time="0.000">
    <skipped/>
  </testcase> <!-- validateAddNewParameterTest -->
</testsuite> <!-- com.NForce.qa.testcases.HardBlockGTPageTest -->
