<?xml version="1.0" encoding="UTF-8"?>
<!-- Generated by org.testng.reporters.JUnitReportReporter -->
<testsuite skipped="1" hostname="DESKTOP-J896QN7" name="com.NForce.qa.testcases.HardBlockGTPageTest" tests="3" failures="0" timestamp="28 Jun 2021 06:58:49 GMT" time="55.490" errors="0">
  <testcase name="verifyIsHardBlockGtPageTest" time="30.336" classname="com.NForce.qa.testcases.HardBlockGTPageTest"/>
  <testcase name="verifyisHardBlockGtPageTest" time="25.154" classname="com.NForce.qa.testcases.HardBlockGTPageTest"/>
  <testcase name="validateAddNewParameterTest" time="0.000" classname="com.NForce.qa.testcases.HardBlockGTPageTest">
    <skipped/>
  </testcase> <!-- validateAddNewParameterTest -->
</testsuite> <!-- com.NForce.qa.testcases.HardBlockGTPageTest -->
