<?xml version="1.0" encoding="UTF-8"?>
<!-- Generated by org.testng.reporters.JUnitReportReporter -->
<testsuite skipped="0" hostname="DESKTOP-J896QN7" name="com.NForce.qa.testcases.BulkGuardPageTest" tests="3" failures="0" timestamp="28 Jun 2021 06:58:49 GMT" time="62.451" errors="0">
  <testcase name="verifyBulkGuardLabelTest" time="24.672" classname="com.NForce.qa.testcases.BulkGuardPageTest"/>
  <testcase name="verifyClickOnSearchWildcardsTest" time="17.977" classname="com.NForce.qa.testcases.BulkGuardPageTest"/>
  <testcase name="controlOnBulkGuardPage" time="19.802" classname="com.NForce.qa.testcases.BulkGuardPageTest"/>
</testsuite> <!-- com.NForce.qa.testcases.BulkGuardPageTest -->
