<?xml version="1.0" encoding="UTF-8"?>
<!-- Generated by org.testng.reporters.JUnitReportReporter -->
<testsuite skipped="0" hostname="DESKTOP-J896QN7" name="com.NForce.qa.testcases.DashboardPageTest" tests="8" failures="0" timestamp="28 Jun 2021 06:58:49 GMT" time="143.926" errors="0">
  <testcase name="verifyDashboardTitleTest" time="17.750" classname="com.NForce.qa.testcases.DashboardPageTest"/>
  <testcase name="verifyUserNameTest" time="18.337" classname="com.NForce.qa.testcases.DashboardPageTest"/>
  <testcase name="verfiyMinimizeAllButtonTest" time="17.926" classname="com.NForce.qa.testcases.DashboardPageTest"/>
  <testcase name="verfiyExpandAllButtonTest" time="17.831" classname="com.NForce.qa.testcases.DashboardPageTest"/>
  <testcase name="verfiyReloadButtonTest" time="16.873" classname="com.NForce.qa.testcases.DashboardPageTest"/>
  <testcase name="verifyaddNewDashboardTest" time="17.689" classname="com.NForce.qa.testcases.DashboardPageTest"/>
  <testcase name="verifyclickOnTrafficManagementIconTest" time="19.488" classname="com.NForce.qa.testcases.DashboardPageTest"/>
  <testcase name="controlOnDashboardPage" time="18.032" classname="com.NForce.qa.testcases.DashboardPageTest"/>
</testsuite> <!-- com.NForce.qa.testcases.DashboardPageTest -->
