<?xml version="1.0" encoding="UTF-8"?>
<!-- Generated by org.testng.reporters.JUnitReportReporter -->
<testsuite skipped="0" hostname="DESKTOP-J896QN7" name="com.NForce.qa.testcases.LoginPageTest" tests="4" failures="0" timestamp="28 Jun 2021 06:58:49 GMT" time="32.672" errors="0">
  <testcase name="controlOnLoginPage" time="8.342" classname="com.NForce.qa.testcases.LoginPageTest"/>
  <testcase name="loginPageTitleTest" time="7.321" classname="com.NForce.qa.testcases.LoginPageTest"/>
  <testcase name="checkIfNForceLogoPresent" time="8.001" classname="com.NForce.qa.testcases.LoginPageTest"/>
  <testcase name="loginTest" time="9.008" classname="com.NForce.qa.testcases.LoginPageTest"/>
</testsuite> <!-- com.NForce.qa.testcases.LoginPageTest -->
